<?xml version="1.0" encoding="UTF-8"?>
<!-- Generated by org.testng.reporters.JUnitReportReporter -->
<testsuite hostname="SINDHUJAs-MBP" failures="0" tests="1" name="TC01_GET_Request" time="1.191" errors="0" timestamp="2020-01-11T13:57:44 CST" skipped="0">
  <testcase classname="TC01_GET_Request" name="getWeatherDetails" time="1.191"/>
  <system-out/>
</testsuite> <!-- TC01_GET_Request -->
