<?xml version="1.0" encoding="UTF-8"?>
<!-- Generated by org.testng.reporters.JUnitReportReporter -->
<testsuite hostname="SINDHUJAs-MBP" failures="0" tests="1" name="TC06_GET_ExtractValuesofEachNodeInJSON" time="1.879" errors="0" timestamp="2020-01-11T16:05:04 CST" skipped="0">
  <testcase classname="TC06_GET_ExtractValuesofEachNodeInJSON" name="ExtractValuesofEachNodeInJSON" time="1.879"/>
  <system-out/>
</testsuite> <!-- TC06_GET_ExtractValuesofEachNodeInJSON -->
