<?xml version="1.0" encoding="UTF-8"?>
<!-- Generated by org.testng.reporters.JUnitReportReporter -->
<testsuite hostname="SINDHUJAs-MBP" failures="0" tests="1" name="TC04_GET_Request" time="1.125" errors="0" timestamp="2020-01-11T15:40:48 CST" skipped="0">
  <testcase classname="TC04_GET_Request" name="getGoogleMapAPIPrintingAllHeaders" time="1.125"/>
  <system-out/>
</testsuite> <!-- TC04_GET_Request -->
