<?xml version="1.0" encoding="UTF-8"?>
<!-- Generated by org.testng.reporters.JUnitReportReporter -->
<testsuite hostname="SINDHUJAs-MBP" failures="0" tests="1" name="TC07_GET_AuthenticationAPI" time="1.232" errors="0" timestamp="2020-01-11T16:33:02 CST" skipped="0">
  <testcase classname="TC07_GET_AuthenticationAPI" name="AuthenticationTest" time="1.232"/>
  <system-out/>
</testsuite> <!-- TC07_GET_AuthenticationAPI -->
