<?xml version="1.0" encoding="UTF-8"?>
<!-- Generated by org.testng.reporters.JUnitReportReporter -->
<testsuite hostname="SINDHUJAs-MBP" failures="0" tests="5" name="DataDrivenTesting.TC01_DataDrivenTest_AddNewEmployees" time="3.766" errors="0" timestamp="2020-01-12T14:48:47 CST" skipped="0">
  <testcase classname="DataDrivenTesting.TC01_DataDrivenTest_AddNewEmployees" name="postNewEmployees" time="0.506"/>
  <system-out/>
  <testcase classname="DataDrivenTesting.TC01_DataDrivenTest_AddNewEmployees" name="postNewEmployees" time="0.544"/>
  <system-out/>
  <testcase classname="DataDrivenTesting.TC01_DataDrivenTest_AddNewEmployees" name="postNewEmployees" time="0.509"/>
  <system-out/>
  <testcase classname="DataDrivenTesting.TC01_DataDrivenTest_AddNewEmployees" name="postNewEmployees" time="0.510"/>
  <system-out/>
  <testcase classname="DataDrivenTesting.TC01_DataDrivenTest_AddNewEmployees" name="postNewEmployees" time="1.697"/>
  <system-out/>
</testsuite> <!-- DataDrivenTesting.TC01_DataDrivenTest_AddNewEmployees -->
