<?xml version="1.0" encoding="UTF-8"?>
<!-- Generated by org.testng.reporters.JUnitReportReporter -->
<testsuite hostname="SINDHUJAs-MBP" failures="0" tests="1" name="TC03_GET_Request" time="1.317" errors="0" timestamp="2020-01-11T15:39:08 CST" skipped="0">
  <testcase classname="TC03_GET_Request" name="getGoopleMapAPIValidatingHeaders" time="1.317"/>
  <system-out/>
</testsuite> <!-- TC03_GET_Request -->
